<?xml version="1.0" encoding="UTF-8"?>
<testsuite xmlns:xsi="http://www.w3.org/2001/XMLSchema-instance" xsi:noNamespaceSchemaLocation="https://maven.apache.org/surefire/maven-surefire-plugin/xsd/surefire-test-report.xsd" name="com.dubber.AppTest" time="0.032" tests="1" errors="0" skipped="0" failures="0">
  <properties>
    <property name="user.variant" value=""/>
    <property name="java.vm.info" value="mixed mode"/>
    <property name="file.encoding.pkg" value="sun.io"/>
    <property name="file.encoding" value="GBK"/>
    <property name="java.specification.name" value="Java Platform API Specification"/>
    <property name="sun.os.patch.level" value="Service Pack 1"/>
    <property name="user.dir" value="D:\workspace_learn\dubber-parent\dubber-simplexml"/>
    <property name="line.separator" value="&#10;"/>
    <property name="java.home" value="D:\soft\Java\jdk1.7.0_45\jre"/>
    <property name="user.name" value="chenershuai"/>
    <property name="sun.boot.library.path" value="D:\soft\Java\jdk1.7.0_45\jre\bin"/>
    <property name="user.home" value="D:"/>
    <property name="localRepository" value="E:\mvn\pbd-repository"/>
    <property name="sun.java.launcher" value="SUN_STANDARD"/>
    <property name="java.class.version" value="51.0"/>
    <property name="user.language" value="zh"/>
    <property name="java.vendor.url.bug" value="http://bugreport.sun.com/bugreport/"/>
    <property name="sun.jnu.encoding" value="GBK"/>
    <property name="java.io.tmpdir" value="C:\Users\CHENER~1\AppData\Local\Temp\"/>
    <property name="java.specification.vendor" value="Oracle Corporation"/>
    <property name="file.separator" value="\"/>
    <property name="java.class.path" value="D:\workspace_learn\dubber-parent\dubber-simplexml\target\test-classes;D:\workspace_learn\dubber-parent\dubber-simplexml\target\classes;E:\mvn\pbd-repository\junit\junit\4.11\junit-4.11.jar;E:\mvn\pbd-repository\org\hamcrest\hamcrest-core\1.3\hamcrest-core-1.3.jar;E:\mvn\pbd-repository\org\simpleframework\simple-xml\2.6.4\simple-xml-2.6.4.jar;E:\mvn\pbd-repository\stax\stax-api\1.0.1\stax-api-1.0.1.jar;E:\mvn\pbd-repository\stax\stax\1.2.0\stax-1.2.0.jar;E:\mvn\pbd-repository\xpp3\xpp3\1.1.3.3\xpp3-1.1.3.3.jar;E:\mvn\pbd-repository\commons-io\commons-io\2.3\commons-io-2.3.jar;"/>
    <property name="java.vm.vendor" value="Oracle Corporation"/>
    <property name="sun.cpu.endian" value="little"/>
    <property name="java.vm.specification.vendor" value="Oracle Corporation"/>
    <property name="java.specification.version" value="1.7"/>
    <property name="user.script" value=""/>
    <property name="awt.toolkit" value="sun.awt.windows.WToolkit"/>
    <property name="sun.java.command" value="C:\Users\CHENER~1\AppData\Local\Temp\surefire6223935453991594306\surefirebooter4151230218141525823.jar C:\Users\chenershuai\AppData\Local\Temp\surefire6223935453991594306 2018-05-31T14-15-24_436-jvmRun1 surefire833040683366113839tmp surefire_03416186856489044160tmp"/>
    <property name="user.timezone" value=""/>
    <property name="surefire.test.class.path" value="D:\workspace_learn\dubber-parent\dubber-simplexml\target\test-classes;D:\workspace_learn\dubber-parent\dubber-simplexml\target\classes;E:\mvn\pbd-repository\junit\junit\4.11\junit-4.11.jar;E:\mvn\pbd-repository\org\hamcrest\hamcrest-core\1.3\hamcrest-core-1.3.jar;E:\mvn\pbd-repository\org\simpleframework\simple-xml\2.6.4\simple-xml-2.6.4.jar;E:\mvn\pbd-repository\stax\stax-api\1.0.1\stax-api-1.0.1.jar;E:\mvn\pbd-repository\stax\stax\1.2.0\stax-1.2.0.jar;E:\mvn\pbd-repository\xpp3\xpp3\1.1.3.3\xpp3-1.1.3.3.jar;E:\mvn\pbd-repository\commons-io\commons-io\2.3\commons-io-2.3.jar;"/>
    <property name="java.runtime.version" value="1.7.0_45-b18"/>
    <property name="java.vendor" value="Oracle Corporation"/>
    <property name="sun.management.compiler" value="HotSpot 64-Bit Tiered Compilers"/>
    <property name="sun.arch.data.model" value="64"/>
    <property name="os.arch" value="amd64"/>
    <property name="sun.io.unicode.encoding" value="UnicodeLittle"/>
    <property name="java.awt.printerjob" value="sun.awt.windows.WPrinterJob"/>
    <property name="path.separator" value=";"/>
    <property name="java.runtime.name" value="Java(TM) SE Runtime Environment"/>
    <property name="java.vendor.url" value="http://java.oracle.com/"/>
    <property name="sun.boot.class.path" value="D:\soft\Java\jdk1.7.0_45\jre\lib\resources.jar;D:\soft\Java\jdk1.7.0_45\jre\lib\rt.jar;D:\soft\Java\jdk1.7.0_45\jre\lib\sunrsasign.jar;D:\soft\Java\jdk1.7.0_45\jre\lib\jsse.jar;D:\soft\Java\jdk1.7.0_45\jre\lib\jce.jar;D:\soft\Java\jdk1.7.0_45\jre\lib\charsets.jar;D:\soft\Java\jdk1.7.0_45\jre\lib\jfr.jar;D:\soft\Java\jdk1.7.0_45\jre\classes"/>
    <property name="surefire.real.class.path" value="C:\Users\CHENER~1\AppData\Local\Temp\surefire6223935453991594306\surefirebooter4151230218141525823.jar"/>
    <property name="java.endorsed.dirs" value="D:\soft\Java\jdk1.7.0_45\jre\lib\endorsed"/>
    <property name="sun.desktop" value="windows"/>
    <property name="idea.version" value="2017.1.5"/>
    <property name="java.vm.version" value="24.45-b08"/>
    <property name="os.name" value="Windows 7"/>
    <property name="java.vm.specification.version" value="1.7"/>
    <property name="sun.cpu.isalist" value="amd64"/>
    <property name="java.version" value="1.7.0_45"/>
    <property name="java.vm.specification.name" value="Java Virtual Machine Specification"/>
    <property name="java.ext.dirs" value="D:\soft\Java\jdk1.7.0_45\jre\lib\ext;C:\windows\Sun\Java\lib\ext"/>
    <property name="os.version" value="6.1"/>
    <property name="basedir" value="D:\workspace_learn\dubber-parent\dubber-simplexml"/>
    <property name="java.library.path" value="D:\soft\Java\jdk1.7.0_45\jre\bin;C:\windows\Sun\Java\bin;C:\windows\system32;C:\windows;C:\Program Files (x86)\Common Files\Oracle\Java\javapath;D:\soft\Python27\Lib\site-packages\;C:\windows\system32;C:\windows;C:\windows\System32\Wbem;C:\windows\System32\WindowsPowerShell\v1.0\;C:\Program Files (x86)\Intel\OpenCL SDK\2.0\bin\x86;C:\Program Files (x86)\Intel\OpenCL SDK\2.0\bin\x64;D:\soft\Java\jdk1.8.0_171\bin;D:\soft\Java\jdk1.8.0_171\jre\bin;D:\soft\apache-tomcat-7.0.56\lib;D:\soft\apache-tomcat-7.0.56\bin;E:\mvn\apache-maven-3.0.4\bin;d:\soft\Git\cmd;D:\soft\MySQL\MySQL Server 5.6\bin;D:\MongoDB\bin;D:\soft\Python27;D:\soft\TortoiseSVN\bin;D:\soft\Python;D:\soft\apache-ant-1.7.1\bin;%ZOOKEEPER%\bin;E:\learn-soft\apache-storm-1.2.1\bin;E:\learn-soft\gradle-1.6\bin;."/>
    <property name="java.awt.graphicsenv" value="sun.awt.Win32GraphicsEnvironment"/>
    <property name="java.vm.name" value="Java HotSpot(TM) 64-Bit Server VM"/>
    <property name="user.country" value="CN"/>
  </properties>
  <testcase name="shouldAnswerWithTrue" classname="com.dubber.AppTest" time="0.002"/>
</testsuite>